<?xml version="1.0" encoding="UTF-8"?>
<!-- Generated by org.testng.reporters.JUnitReportReporter -->
<testsuite hostname="DESKTOP-JC970GR" failures="0" tests="1" name="variousConcepts.LearnTestNG" time="5.800" errors="0" timestamp="2021-05-12T22:51:04 CDT" skipped="0">
  <testcase classname="variousConcepts.LearnTestNG" name="windowHandle" time="5.800"/>
  <system-out/>
</testsuite> <!-- variousConcepts.LearnTestNG -->
